time="2021-04-17T11:20:37.865758+07:00" level=error msg="co loi xay ra" file=/Users/edwardlauv/Desktop/HealthCareAPI/main.go line=25
time="2021-04-17T11:25:34.42061+07:00" level=error msg="co loi xay ra" file=/Users/edwardlauv/Desktop/HealthCareAPI/main.go line=28
time="2021-04-17T11:26:00.412091+07:00" level=error msg="co loi xay ra" file=/Users/edwardlauv/Desktop/HealthCareAPI/main.go line=28
time="2021-04-17T11:28:29.471143+07:00" level=error msg="co loi xay ra" file=/Users/edwardlauv/Desktop/HealthCareAPI/main.go line=28
time="2021-04-17T11:28:58.821225+07:00" level=error msg="co loi xay ra" file=/Users/edwardlauv/Desktop/HealthCareAPI/main.go line=28
time="2021-04-17T11:30:02.267861+07:00" level=error msg="co loi xay ra" file=/Users/edwardlauv/Desktop/HealthCareAPI/main.go line=28
time="2021-04-17T11:30:53.623709+07:00" level=error msg="co loi xay ra" file=/Users/edwardlauv/Desktop/HealthCareAPI/main.go line=28
time="2021-04-17T11:32:07.680494+07:00" level=error msg="co loi xay ra" file=/Users/edwardlauv/Desktop/HealthCareAPI/main.go line=28
time="2021-04-17T11:34:18.594706+07:00" level=error msg="co loi xay ra" file=/Users/edwardlauv/Desktop/HealthCareAPI/main.go line=28
time="2021-04-17T11:34:30.043255+07:00" level=error msg="co loi xay ra" file=/Users/edwardlauv/Desktop/HealthCareAPI/main.go line=27
time="2021-04-17T11:36:53.941658+07:00" level=error msg="co loi xay ra" file=/Users/edwardlauv/Desktop/HealthCareAPI/main.go line=28
time="2021-04-17T11:37:56.842513+07:00" level=error msg="co loi xay ra" file=/Users/edwardlauv/Desktop/HealthCareAPI/main.go line=28
time="2021-04-17T11:38:32.452882+07:00" level=error msg="co loi xay ra" file=/Users/edwardlauv/Desktop/HealthCareAPI/main.go line=28
time="2021-04-17T12:01:17.593015+07:00" level=error msg="pq: relation \"account\" does not exist" file=/Users/edwardlauv/Desktop/HealthCareAPI/main.go line=32
time="2021-04-17T12:02:55.593954+07:00" level=error msg="pq: relation \"account\" does not exist" file=/Users/edwardlauv/Desktop/HealthCareAPI/main.go line=32
time="2021-04-18T00:59:51.859954+07:00" level=error msg="pq: relation \"users\" does not exist" file=/Users/edwardlauv/Desktop/HealthCareAPI/repository/repo_impl/user_repo_impl.go line=29
time="2021-04-18T01:02:06.548909+07:00" level=error msg="pq: relation \"users\" does not exist" file=/Users/edwardlauv/Desktop/HealthCareAPI/repository/repo_impl/user_repo_impl.go line=29
time="2021-04-18T01:02:31.568874+07:00" level=error msg="pq: relation \"users\" does not exist" file=/Users/edwardlauv/Desktop/HealthCareAPI/repository/repo_impl/user_repo_impl.go line=29
time="2021-04-18T01:03:48.50373+07:00" level=error msg="pq: relation \"users\" does not exist" file=/Users/edwardlauv/Desktop/HealthCareAPI/repository/repo_impl/user_repo_impl.go line=29
time="2021-04-18T01:05:01.206019+07:00" level=error msg="pq: relation \"users\" does not exist" file=/Users/edwardlauv/Desktop/HealthCareAPI/repository/repo_impl/user_repo_impl.go line=29
time="2021-04-18T01:05:22.705243+07:00" level=error msg="pq: syntax error at or near \"user\"" file=/Users/edwardlauv/Desktop/HealthCareAPI/repository/repo_impl/user_repo_impl.go line=29
time="2021-04-18T01:08:48.397252+07:00" level=error msg="pq: syntax error at or near \"user\"" file=/Users/edwardlauv/Desktop/HealthCareAPI/repository/repo_impl/user_repo_impl.go line=29
time="2021-04-18T01:13:44.583671+07:00" level=error msg="could not find name userid in model.User{Userid:\"\", Fullname:\"\", Blood:0, Gender:0}" file=/Users/edwardlauv/Desktop/HealthCareAPI/repository/repo_impl/user_repo_impl.go line=29
time="2021-04-18T01:15:05.48438+07:00" level=error msg="pq: syntax error at or near \"user\"" file=/Users/edwardlauv/Desktop/HealthCareAPI/repository/repo_impl/user_repo_impl.go line=29
time="2021-04-18T01:21:23.983086+07:00" level=error msg="pq: duplicate key value violates unique constraint \"user_pkey\"" file=/Users/edwardlauv/Desktop/HealthCareAPI/repository/repo_impl/user_repo_impl.go line=29
time="2021-04-18T01:22:43.186349+07:00" level=error msg="pq: duplicate key value violates unique constraint \"user_pkey\"" file=/Users/edwardlauv/Desktop/HealthCareAPI/repository/repo_impl/user_repo_impl.go line=29
time="2021-04-18T01:30:07.631975+07:00" level=error msg="pq: duplicate key value violates unique constraint \"user_pkey\"" file=/Users/edwardlauv/Desktop/HealthCareAPI/repository/repo_impl/user_repo_impl.go line=29
time="2021-04-18T01:32:58.4358+07:00" level=error msg="pq: duplicate key value violates unique constraint \"user_pkey\"" file=/Users/edwardlauv/Desktop/HealthCareAPI/repository/repo_impl/user_repo_impl.go line=29
time="2021-04-18T01:38:53.527774+07:00" level=error msg="pq: duplicate key value violates unique constraint \"user_pkey\"" file=/Users/edwardlauv/Desktop/HealthCareAPI/repository/repo_impl/user_repo_impl.go line=29
time="2021-04-18T01:53:43.136743+07:00" level=error msg="could not find name Userid in model.User{Userid:\"\", Fullname:\"\", Blood:0, Gender:0}" file=/Users/edwardlauv/Desktop/HealthCareAPI/repository/repo_impl/user_repo_impl.go line=29
time="2021-04-18T01:54:03.262001+07:00" level=error msg="could not find name Userid in model.User{Userid:\"\", Fullname:\"\", Blood:0, Gender:0}" file=/Users/edwardlauv/Desktop/HealthCareAPI/repository/repo_impl/user_repo_impl.go line=29
time="2021-04-18T01:54:25.415191+07:00" level=error msg="pq: duplicate key value violates unique constraint \"user_pkey\"" file=/Users/edwardlauv/Desktop/HealthCareAPI/repository/repo_impl/user_repo_impl.go line=29
time="2021-04-18T01:54:49.329776+07:00" level=error msg="pq: duplicate key value violates unique constraint \"user_pkey\"" file=/Users/edwardlauv/Desktop/HealthCareAPI/repository/repo_impl/user_repo_impl.go line=29
