time="2021-05-19T09:32:31.221838+07:00" level=error msg="code=400, message=Syntax error: offset=95, error=invalid character '/' looking for beginning of object key string, internal=invalid character '/' looking for beginning of object key string" file=/Users/edwardlauv/Desktop/HealthCareAPI/handler/user_handler.go line=19
time="2021-05-19T10:25:58.338334+07:00" level=error msg="pq: duplicate key value violates unique constraint \"healthday_pkey\"" file=/Users/edwardlauv/Desktop/HealthCareAPI/repository/repo_impl/healthday_impl.go line=26
time="2021-05-19T10:26:14.786532+07:00" level=error msg="pq: duplicate key value violates unique constraint \"healthday_pkey\"" file=/Users/edwardlauv/Desktop/HealthCareAPI/repository/repo_impl/healthday_impl.go line=26
time="2021-05-19T21:08:25.438617+07:00" level=error msg="expected slice but got struct" file=/Users/edwardlauv/Desktop/HealthCareAPI/repository/repo_impl/user_repo_impl.go line=45
time="2021-05-19T21:08:32.095717+07:00" level=error msg="expected slice but got struct" file=/Users/edwardlauv/Desktop/HealthCareAPI/repository/repo_impl/user_repo_impl.go line=45
time="2021-05-19T21:08:49.488154+07:00" level=error msg="expected slice but got struct" file=/Users/edwardlauv/Desktop/HealthCareAPI/repository/repo_impl/user_repo_impl.go line=45
time="2021-05-19T21:11:14.380497+07:00" level=error msg="sql: no rows in result set" file=/Users/edwardlauv/Desktop/HealthCareAPI/repository/repo_impl/user_repo_impl.go line=45
time="2021-05-19T21:12:00.493142+07:00" level=error msg="sql: no rows in result set" file=/Users/edwardlauv/Desktop/HealthCareAPI/repository/repo_impl/user_repo_impl.go line=46
time="2021-05-19T21:22:29.455665+07:00" level=error msg="sql: no rows in result set" file=/Users/edwardlauv/Desktop/HealthCareAPI/repository/repo_impl/user_repo_impl.go line=45
time="2021-05-19T21:23:17.14232+07:00" level=error msg="pq: syntax error at or near \"$\"" file=/Users/edwardlauv/Desktop/HealthCareAPI/repository/repo_impl/healthday_impl.go line=48
time="2021-05-19T21:23:31.700376+07:00" level=error msg="pq: insert or update on table \"healthday\" violates foreign key constraint \"accountheath\"" file=/Users/edwardlauv/Desktop/HealthCareAPI/repository/repo_impl/healthday_impl.go line=27
time="2021-05-19T21:23:54.942365+07:00" level=error msg="pq: syntax error at or near \"$\"" file=/Users/edwardlauv/Desktop/HealthCareAPI/repository/repo_impl/healthday_impl.go line=48
time="2021-05-19T21:24:22.994227+07:00" level=error msg="pq: syntax error at or near \"$\"" file=/Users/edwardlauv/Desktop/HealthCareAPI/repository/repo_impl/healthday_impl.go line=48
time="2021-05-19T21:24:28.19396+07:00" level=error msg="pq: syntax error at or near \"$\"" file=/Users/edwardlauv/Desktop/HealthCareAPI/repository/repo_impl/healthday_impl.go line=48
time="2021-05-19T21:25:44.094627+07:00" level=error msg="pq: syntax error at or near \"$\"" file=/Users/edwardlauv/Desktop/HealthCareAPI/repository/repo_impl/healthday_impl.go line=48
time="2021-05-19T21:26:15.86769+07:00" level=error msg="pq: syntax error at or near \"$\"" file=/Users/edwardlauv/Desktop/HealthCareAPI/repository/repo_impl/healthday_impl.go line=48
time="2021-05-19T21:28:33.44665+07:00" level=error msg="pq: syntax error at or near \"$\"" file=/Users/edwardlauv/Desktop/HealthCareAPI/repository/repo_impl/healthday_impl.go line=48
time="2021-05-19T21:28:37.894838+07:00" level=error msg="pq: syntax error at or near \"$\"" file=/Users/edwardlauv/Desktop/HealthCareAPI/repository/repo_impl/healthday_impl.go line=48
time="2021-05-19T21:28:42.444718+07:00" level=error msg="pq: syntax error at or near \"$\"" file=/Users/edwardlauv/Desktop/HealthCareAPI/repository/repo_impl/healthday_impl.go line=48
time="2021-05-19T21:28:56.017651+07:00" level=error msg="pq: syntax error at or near \"$\"" file=/Users/edwardlauv/Desktop/HealthCareAPI/repository/repo_impl/healthday_impl.go line=48
time="2021-05-19T21:30:44.947036+07:00" level=error msg="pq: syntax error at or near \"$\"" file=/Users/edwardlauv/Desktop/HealthCareAPI/repository/repo_impl/healthday_impl.go line=50
time="2021-05-19T21:31:37.447098+07:00" level=error msg="sql: no rows in result set" file=/Users/edwardlauv/Desktop/HealthCareAPI/repository/repo_impl/user_repo_impl.go line=45
time="2021-05-19T21:31:50.050628+07:00" level=error msg="pq: insert or update on table \"healthday\" violates foreign key constraint \"accountheath\"" file=/Users/edwardlauv/Desktop/HealthCareAPI/repository/repo_impl/healthday_impl.go line=28
time="2021-05-19T21:43:16.220972+07:00" level=error msg="pq: insert or update on table \"healthday\" violates foreign key constraint \"accountheath\"" file=/Users/edwardlauv/Desktop/HealthCareAPI/repository/repo_impl/healthday_impl.go line=28
time="2021-05-19T21:43:34.350212+07:00" level=error msg="pq: duplicate key value violates unique constraint \"healthday_pkey\"" file=/Users/edwardlauv/Desktop/HealthCareAPI/repository/repo_impl/healthday_impl.go line=28
time="2021-05-19T21:46:17.278284+07:00" level=error msg="pq: duplicate key value violates unique constraint \"healthday_pkey\"" file=/Users/edwardlauv/Desktop/HealthCareAPI/repository/repo_impl/healthday_impl.go line=28
time="2021-05-19T21:46:21.778735+07:00" level=error msg="pq: insert or update on table \"healthday\" violates foreign key constraint \"accountheath\"" file=/Users/edwardlauv/Desktop/HealthCareAPI/repository/repo_impl/healthday_impl.go line=28
time="2021-05-19T21:47:24.928323+07:00" level=error msg="pq: insert or update on table \"healthday\" violates foreign key constraint \"accountheath\"" file=/Users/edwardlauv/Desktop/HealthCareAPI/repository/repo_impl/healthday_impl.go line=28
time="2021-05-19T21:47:34.726896+07:00" level=error msg="pq: insert or update on table \"healthday\" violates foreign key constraint \"accountheath\"" file=/Users/edwardlauv/Desktop/HealthCareAPI/repository/repo_impl/healthday_impl.go line=28
time="2021-05-19T21:47:40.325806+07:00" level=error msg="pq: duplicate key value violates unique constraint \"healthday_pkey\"" file=/Users/edwardlauv/Desktop/HealthCareAPI/repository/repo_impl/healthday_impl.go line=28
time="2021-05-19T21:47:52.146627+07:00" level=error msg="pq: duplicate key value violates unique constraint \"account_pkey\"" file=/Users/edwardlauv/Desktop/HealthCareAPI/repository/repo_impl/user_repo_impl.go line=30
time="2021-05-19T21:48:39.034294+07:00" level=error msg="pq: duplicate key value violates unique constraint \"account_pkey\"" file=/Users/edwardlauv/Desktop/HealthCareAPI/repository/repo_impl/user_repo_impl.go line=30
time="2021-05-19T21:48:54.865052+07:00" level=error msg="sql: no rows in result set" file=/Users/edwardlauv/Desktop/HealthCareAPI/repository/repo_impl/user_repo_impl.go line=45
time="2021-05-19T21:51:56.063464+07:00" level=error msg="pq: duplicate key value violates unique constraint \"account_pkey\"" file=/Users/edwardlauv/Desktop/HealthCareAPI/repository/repo_impl/user_repo_impl.go line=30
time="2021-05-19T21:52:24.146613+07:00" level=error msg="sql: no rows in result set" file=/Users/edwardlauv/Desktop/HealthCareAPI/repository/repo_impl/user_repo_impl.go line=45
time="2021-05-19T21:52:57.194874+07:00" level=error msg="pq: duplicate key value violates unique constraint \"healthday_pkey\"" file=/Users/edwardlauv/Desktop/HealthCareAPI/repository/repo_impl/healthday_impl.go line=28
time="2021-05-19T21:53:02.046476+07:00" level=error msg="pq: insert or update on table \"healthday\" violates foreign key constraint \"accountheath\"" file=/Users/edwardlauv/Desktop/HealthCareAPI/repository/repo_impl/healthday_impl.go line=28
time="2021-05-19T21:54:13.890245+07:00" level=error msg="pq: duplicate key value violates unique constraint \"account_pkey\"" file=/Users/edwardlauv/Desktop/HealthCareAPI/repository/repo_impl/user_repo_impl.go line=30
time="2021-05-19T21:55:27.791849+07:00" level=error msg="sql: no rows in result set" file=/Users/edwardlauv/Desktop/HealthCareAPI/repository/repo_impl/user_repo_impl.go line=45
